Using pre-set license
Built from '2020.2/release' branch; Version is '2020.2.0f1 (3721df5a8b28) revision 3613151'; Using compiler version '192528614'; Build Type 'Release'
OS: 'Windows 10  (10.0.0) 64bit' Language: 'en' Physical Memory: 16296 MB
BatchMode: 1, IsHumanControllingUs: 0, StartBugReporterOnCrash: 0, Is64bit: 1, IsPro: 0

 COMMAND LINE ARGUMENTS:
C:\Program Files\Unity\Hub\Editor\Unity\Editor\Unity.exe
-adb2
-batchMode
-noUpm
-name
AssetImportWorker0
-projectPath
C:/Users/yaniv/Desktop/Physics4/GAME3002_W4/Lab_W4
-logFile
Logs/AssetImportWorker0.log
-srvPort
53322
Successfully changed project path to: C:/Users/yaniv/Desktop/Physics4/GAME3002_W4/Lab_W4
C:/Users/yaniv/Desktop/Physics4/GAME3002_W4/Lab_W4
Using Asset Import Pipeline V2.
Refreshing native plugins compatible for Editor in 20.73 ms, found 0 plugins.
Preloading 0 native plugins for Editor in 0.00 ms.
Initialize engine version: 2020.2.0f1 (3721df5a8b28)
[Subsystems] Discovering subsystems at path C:/Program Files/Unity/Hub/Editor/Unity/Editor/Data/Resources/UnitySubsystems
[Subsystems] Discovering subsystems at path C:/Users/yaniv/Desktop/Physics4/GAME3002_W4/Lab_W4/Assets
GfxDevice: creating device client; threaded=0
Direct3D:
    Version:  Direct3D 11.0 [level 11.1]
    Renderer: NVIDIA GeForce RTX 2060 SUPER (ID=0x1f06)
    Vendor:   
    VRAM:     8031 MB
    Driver:   27.21.14.6109
Initialize mono
Mono path[0] = 'C:/Program Files/Unity/Hub/Editor/Unity/Editor/Data/Managed'
Mono path[1] = 'C:/Program Files/Unity/Hub/Editor/Unity/Editor/Data/MonoBleedingEdge/lib/mono/unityjit'
Mono config path = 'C:/Program Files/Unity/Hub/Editor/Unity/Editor/Data/MonoBleedingEdge/etc'
Using monoOptions --debugger-agent=transport=dt_socket,embedding=1,server=y,suspend=n,address=127.0.0.1:56224
Begin MonoManager ReloadAssembly
Registering precompiled unity dll's ...
Register platform support module: C:/Program Files/Unity/Hub/Editor/Unity/Editor/Data/PlaybackEngines/WindowsStandaloneSupport/UnityEditor.WindowsStandalone.Extensions.dll
Registered in 0.001546 seconds.
Native extension for WindowsStandalone target not found
Refreshing native plugins compatible for Editor in 20.83 ms, found 0 plugins.
Preloading 0 native plugins for Editor in 0.00 ms.
Invoked RoslynAnalysisRunner static constructor.
RoslynAnalysisRunner will not be running.
RoslynAnalysisRunner has terminated.
Mono: successfully reloaded assembly
- Completed reload, in  0.864 seconds
Platform modules already initialized, skipping
Registering precompiled user dll's ...
Registered in 0.000591 seconds.
Begin MonoManager ReloadAssembly
Native extension for WindowsStandalone target not found
Refreshing native plugins compatible for Editor in 0.18 ms, found 0 plugins.
Preloading 0 native plugins for Editor in 0.00 ms.
Invoked RoslynAnalysisRunner static constructor.
RoslynAnalysisRunner will not be running.
RoslynAnalysisRunner has terminated.
Mono: successfully reloaded assembly
- Completed reload, in  0.736 seconds
Platform modules already initialized, skipping
========================================================================
Worker process is ready to serve import requests
Launched and connected shader compiler UnityShaderCompiler.exe after 0.09 seconds
Refreshing native plugins compatible for Editor in 0.19 ms, found 0 plugins.
Preloading 0 native plugins for Editor in 0.00 ms.
Unloading 1098 Unused Serialized files (Serialized files now loaded: 0)
System memory in use before: 55.9 MB.
System memory in use after: 56.0 MB.

Unloading 9 unused Assets to reduce memory usage. Loaded Objects now: 1538.
Total: 1.697200 ms (FindLiveObjects: 0.224200 ms CreateObjectMapping: 0.076000 ms MarkObjects: 1.358000 ms  DeleteObjects: 0.037700 ms)

========================================================================
Received Import Request.
  path: Assets/Scenes
  artifactKey: Guid(5a2a7eb18e4219b4a80e2cb3d9b7d271) Importer(815301076,1909f56bfc062723c751e8b465ee728b)
Start importing Assets/Scenes using Guid(5a2a7eb18e4219b4a80e2cb3d9b7d271) Importer(815301076,1909f56bfc062723c751e8b465ee728b)  -> (artifact id: '46bfd0c0dfecf3894547ccd73cae8444') in 0.003873 seconds
  Import took 0.005853 seconds .

========================================================================
Received Import Request.
  Time since last request: 4.099872 seconds.
  path: Assets/Scenes/SampleScene.unity
  artifactKey: Guid(9fc0d4010bbf28b4594072e72b8655ab) Importer(815301076,1909f56bfc062723c751e8b465ee728b)
Start importing Assets/Scenes/SampleScene.unity using Guid(9fc0d4010bbf28b4594072e72b8655ab) Importer(815301076,1909f56bfc062723c751e8b465ee728b)  -> (artifact id: 'fd0de368a36be2462c316be83692fe5a') in 0.007249 seconds
  Import took 0.009116 seconds .

========================================================================
Received Import Request.
  Time since last request: 1.295730 seconds.
  path: Assets/Scenes/SceneOne.unity
  artifactKey: Guid(4b841714f6f4771499909544123abd36) Importer(815301076,1909f56bfc062723c751e8b465ee728b)
Start importing Assets/Scenes/SceneOne.unity using Guid(4b841714f6f4771499909544123abd36) Importer(815301076,1909f56bfc062723c751e8b465ee728b)  -> (artifact id: '9c4caa6880ae6bf5b25dff6fbbd79741') in 0.001980 seconds
  Import took 0.003493 seconds .

========================================================================
Received Import Request.
  Time since last request: 1.329562 seconds.
  path: Assets/Scenes/SceneTwo.unity
  artifactKey: Guid(44cdf6e741133344594e0b163fe3f3cc) Importer(815301076,1909f56bfc062723c751e8b465ee728b)
Start importing Assets/Scenes/SceneTwo.unity using Guid(44cdf6e741133344594e0b163fe3f3cc) Importer(815301076,1909f56bfc062723c751e8b465ee728b)  -> (artifact id: 'c7d17dc4de079d01d4e68fb7921fb4a0') in 0.003177 seconds
  Import took 0.007682 seconds .

========================================================================
Received Prepare
Registering precompiled user dll's ...
Registered in 0.001711 seconds.
Begin MonoManager ReloadAssembly
Native extension for WindowsStandalone target not found
Refreshing native plugins compatible for Editor in 0.18 ms, found 0 plugins.
Preloading 0 native plugins for Editor in 0.00 ms.
Invoked RoslynAnalysisRunner static constructor.
RoslynAnalysisRunner will not be running.
RoslynAnalysisRunner has terminated.
Mono: successfully reloaded assembly
- Completed reload, in  1.045 seconds
Platform modules already initialized, skipping
Refreshing native plugins compatible for Editor in 0.23 ms, found 0 plugins.
Preloading 0 native plugins for Editor in 0.00 ms.
Unloading 1092 Unused Serialized files (Serialized files now loaded: 0)
System memory in use before: 55.9 MB.
System memory in use after: 56.0 MB.

Unloading 4 unused Assets to reduce memory usage. Loaded Objects now: 1540.
Total: 1.295400 ms (FindLiveObjects: 0.134700 ms CreateObjectMapping: 0.028900 ms MarkObjects: 1.117500 ms  DeleteObjects: 0.013200 ms)

========================================================================
Received Import Request.
  Time since last request: 2361.876505 seconds.
  path: Assets/Scripts/ProjectileComponent.cs
  artifactKey: Guid(75d87a35f12afc947b2ba1eec3988d7f) Importer(815301076,1909f56bfc062723c751e8b465ee728b)
Start importing Assets/Scripts/ProjectileComponent.cs using Guid(75d87a35f12afc947b2ba1eec3988d7f) Importer(815301076,1909f56bfc062723c751e8b465ee728b)  -> (artifact id: 'e55d8e6b1c0372ddc4543c6342307b92') in 0.019541 seconds
  Import took 0.021241 seconds .

========================================================================
Received Import Request.
  Time since last request: 17.782600 seconds.
  path: Assets/Scripts/ProjectileController.cs
  artifactKey: Guid(0f9faa43fe0c0ff4080d3cb820eae592) Importer(815301076,1909f56bfc062723c751e8b465ee728b)
Start importing Assets/Scripts/ProjectileController.cs using Guid(0f9faa43fe0c0ff4080d3cb820eae592) Importer(815301076,1909f56bfc062723c751e8b465ee728b)  -> (artifact id: 'da05e76dd8e032a8d7a56b39a7314adb') in 0.001658 seconds
  Import took 0.003253 seconds .

========================================================================
Received Import Request.
  Time since last request: 1956.629636 seconds.
  path: Assets/Scripts/CalcUtils.cs
  artifactKey: Guid(bbe956e0559419942ac91f8348346fc1) Importer(815301076,1909f56bfc062723c751e8b465ee728b)
Start importing Assets/Scripts/CalcUtils.cs using Guid(bbe956e0559419942ac91f8348346fc1) Importer(815301076,1909f56bfc062723c751e8b465ee728b)  -> (artifact id: '1f66bc53ed76fa71894e1372ea9f083b') in 0.004337 seconds
  Import took 0.025073 seconds .

========================================================================
Received Import Request.
  Time since last request: 16.331760 seconds.
  path: Assets/Scripts/BallPhysics.cs
  artifactKey: Guid(cbc9c72ea7cc8354e9420b29c7846e5d) Importer(815301076,1909f56bfc062723c751e8b465ee728b)
Start importing Assets/Scripts/BallPhysics.cs using Guid(cbc9c72ea7cc8354e9420b29c7846e5d) Importer(815301076,1909f56bfc062723c751e8b465ee728b)  -> (artifact id: 'b9af4423c4bab0ba83a1c9bdb0517368') in 0.002358 seconds
  Import took 0.004064 seconds .

